demo/build/outputs/logs/manifest-merger-debug-report.txt
-- Merging decision tree log ---
manifest
ADDED from src\main\AndroidManifest.xml:1:1-36:12
	package
		ADDED from src\main\AndroidManifest.xml:3:5-51
		INJECTED from src\main\AndroidManifest.xml
		INJECTED from src\main\AndroidManifest.xml
	android:versionName
		INJECTED from src\main\AndroidManifest.xml
		INJECTED from src\main\AndroidManifest.xml
	xmlns:tools
		ADDED from src\main\AndroidManifest.xml:2:5-51
	xmlns:android
		ADDED from src\main\AndroidManifest.xml:1:11-69
	android:versionCode
		INJECTED from src\main\AndroidManifest.xml
		INJECTED from src\main\AndroidManifest.xml
uses-permission#android.permission.INTERNET
ADDED from src\main\AndroidManifest.xml:5:5-67
	android:name
		ADDED from src\main\AndroidManifest.xml:5:22-64
uses-permission#android.permission.WRITE_EXTERNAL_STORAGE
ADDED from src\main\AndroidManifest.xml:6:5-81
	android:name
		ADDED from src\main\AndroidManifest.xml:6:22-78
uses-permission#android.permission.READ_EXTERNAL_STORAGE
ADDED from src\main\AndroidManifest.xml:7:5-80
	android:name
		ADDED from src\main\AndroidManifest.xml:7:22-77
application
ADDED from src\main\AndroidManifest.xml:9:5-34:19
MERGED from [com.android.support:support-v4:22.2.1] AndroidManifest.xml:22:5-20
MERGED from [com.android.support:appcompat-v7:22.2.1] AndroidManifest.xml:22:5-20
MERGED from [com.android.support:support-v4:22.2.1] AndroidManifest.xml:22:5-20
MERGED from [com.android.support:design:22.2.1] AndroidManifest.xml:22:5-20
MERGED from [com.android.support:appcompat-v7:22.2.1] AndroidManifest.xml:22:5-20
MERGED from [com.android.support:support-v4:22.2.1] AndroidManifest.xml:22:5-20
MERGED from [com.android.support:support-v4:22.2.1] AndroidManifest.xml:22:5-20
MERGED from [com.android.support:cardview-v7:22.2.0] AndroidManifest.xml:22:5-20
MERGED from [cn.pedant.sweetalert:library:1.3] AndroidManifest.xml:11:5-20
MERGED from [com.pnikosis:materialish-progress:1.0] AndroidManifest.xml:11:5-15:19
MERGED from [com.android.support:appcompat-v7:22.2.1] AndroidManifest.xml:22:5-20
MERGED from [com.android.support:support-v4:22.2.1] AndroidManifest.xml:22:5-20
	android:label
		ADDED from src\main\AndroidManifest.xml:13:9-41
	android:allowBackup
		ADDED from src\main\AndroidManifest.xml:11:9-35
	android:icon
		ADDED from src\main\AndroidManifest.xml:12:9-43
		REJECTED from [com.pnikosis:materialish-progress:1.0] AndroidManifest.xml:13:9-45
	android:theme
		ADDED from src\main\AndroidManifest.xml:14:9-40
	tools:replace
		ADDED from src\main\AndroidManifest.xml:15:9-37
	android:name
		ADDED from src\main\AndroidManifest.xml:10:9-28
activity#cn.bingoogolapple.refreshlayout.demo.ui.activity.MainActivity
ADDED from src\main\AndroidManifest.xml:16:9-24:20
	android:label
		ADDED from src\main\AndroidManifest.xml:18:13-45
	android:name
		ADDED from src\main\AndroidManifest.xml:17:13-53
intent-filter#android.intent.action.MAIN+android.intent.category.LAUNCHER
ADDED from src\main\AndroidManifest.xml:19:13-23:29
action#android.intent.action.MAIN
ADDED from src\main\AndroidManifest.xml:20:17-69
	android:name
		ADDED from src\main\AndroidManifest.xml:20:25-66
category#android.intent.category.LAUNCHER
ADDED from src\main\AndroidManifest.xml:22:17-77
	android:name
		ADDED from src\main\AndroidManifest.xml:22:27-74
activity#cn.bingoogolapple.refreshlayout.demo.ui.activity.StickyNavActivity
ADDED from src\main\AndroidManifest.xml:26:9-67
	android:name
		ADDED from src\main\AndroidManifest.xml:26:19-64
activity#cn.bingoogolapple.refreshlayout.demo.ui.activity.NormalRecyclerViewActivity
ADDED from src\main\AndroidManifest.xml:27:9-76
	android:name
		ADDED from src\main\AndroidManifest.xml:27:19-73
activity#cn.bingoogolapple.refreshlayout.demo.ui.activity.NormalListViewActivity
ADDED from src\main\AndroidManifest.xml:28:9-72
	android:name
		ADDED from src\main\AndroidManifest.xml:28:19-69
activity#cn.bingoogolapple.refreshlayout.demo.ui.activity.SwipeRecyclerViewActivity
ADDED from src\main\AndroidManifest.xml:29:9-75
	android:name
		ADDED from src\main\AndroidManifest.xml:29:19-72
activity#cn.bingoogolapple.refreshlayout.demo.ui.activity.SwipeListViewActivity
ADDED from src\main\AndroidManifest.xml:30:9-71
	android:name
		ADDED from src\main\AndroidManifest.xml:30:19-68
activity#cn.bingoogolapple.refreshlayout.demo.ui.activity.ScrollViewActivity
ADDED from src\main\AndroidManifest.xml:31:9-68
	android:name
		ADDED from src\main\AndroidManifest.xml:31:19-65
activity#cn.bingoogolapple.refreshlayout.demo.ui.activity.WebViewActivity
ADDED from src\main\AndroidManifest.xml:32:9-65
	android:name
		ADDED from src\main\AndroidManifest.xml:32:19-62
activity#cn.bingoogolapple.refreshlayout.demo.ui.activity.ViewPagerActivity
ADDED from src\main\AndroidManifest.xml:33:9-67
	android:name
		ADDED from src\main\AndroidManifest.xml:33:19-64
uses-sdk
INJECTED from src\main\AndroidManifest.xml reason: use-sdk injection requested
MERGED from [com.android.support:recyclerview-v7:22.2.0] AndroidManifest.xml:20:5-43
MERGED from [com.android.support:support-v4:22.2.1] AndroidManifest.xml:20:5-43
MERGED from [cn.bingoogolapple:bga-refreshlayout:1.1.3] AndroidManifest.xml:6:5-8:41
MERGED from [com.android.support:appcompat-v7:22.2.1] AndroidManifest.xml:20:5-43
MERGED from [com.android.support:support-v4:22.2.1] AndroidManifest.xml:20:5-43
MERGED from [com.android.support:design:22.2.1] AndroidManifest.xml:20:5-43
MERGED from [com.android.support:appcompat-v7:22.2.1] AndroidManifest.xml:20:5-43
MERGED from [com.android.support:support-v4:22.2.1] AndroidManifest.xml:20:5-43
MERGED from [com.android.support:support-v4:22.2.1] AndroidManifest.xml:20:5-43
MERGED from [cn.bingoogolapple:bga-banner:2.0.3] AndroidManifest.xml:6:5-8:41
MERGED from [cn.bingoogolapple:bga-adapter:1.0.8] AndroidManifest.xml:6:5-8:41
MERGED from [cn.bingoogolapple:bga-swipeitemlayout:1.0.3] AndroidManifest.xml:6:5-8:41
MERGED from [cn.bingoogolapple:bga-indicator:1.0.0] AndroidManifest.xml:6:5-8:41
MERGED from [com.android.support:cardview-v7:22.2.0] AndroidManifest.xml:20:5-43
MERGED from [cn.pedant.sweetalert:library:1.3] AndroidManifest.xml:7:5-9:41
MERGED from [com.pnikosis:materialish-progress:1.0] AndroidManifest.xml:7:5-9:41
MERGED from [com.android.support:appcompat-v7:22.2.1] AndroidManifest.xml:20:5-43
MERGED from [com.android.support:support-v4:22.2.1] AndroidManifest.xml:20:5-43
	android:targetSdkVersion
		INJECTED from src\main\AndroidManifest.xml
		INJECTED from src\main\AndroidManifest.xml
	android:minSdkVersion
		INJECTED from src\main\AndroidManifest.xml
		INJECTED from src\main\AndroidManifest.xml